<?xml version="1.0" encoding="UTF-8"?>
<!-- Generated by org.testng.reporters.JUnitReportReporter -->
<testsuite hostname="december" failures="0" tests="6" name="md.nineninenine.TransportFiltersTests" time="876.275" errors="0" timestamp="2020-12-22T00:15:46 EET" skipped="0">
  <testcase classname="md.nineninenine.TransportFiltersTests" name="secondRuLangFiltersTest" time="133.623"/>
  <system-out/>
  <testcase classname="md.nineninenine.TransportFiltersTests" name="firstRuLangFiltersTest" time="133.894"/>
  <system-out/>
  <testcase classname="md.nineninenine.TransportFiltersTests" name="secondRoLangFiltersTest" time="134.866"/>
  <system-out/>
  <testcase classname="md.nineninenine.TransportFiltersTests" name="firstRoLangFiltersTest" time="150.573"/>
  <system-out/>
  <testcase classname="md.nineninenine.TransportFiltersTests" name="thirdRoLangFiltersTest" time="152.862"/>
  <system-out/>
  <testcase classname="md.nineninenine.TransportFiltersTests" name="thirdRuLangFiltersTest" time="170.457"/>
  <system-out/>
</testsuite> <!-- md.nineninenine.TransportFiltersTests -->
