<?xml version="1.0" encoding="UTF-8"?>
<!-- Generated by org.testng.reporters.JUnitReportReporter -->
<testsuite hostname="december" failures="0" tests="1" name="md.nineninenine.TransportFiltersTests" time="14.065" errors="0" timestamp="2020-12-16T18:08:21 EET" skipped="0">
  <testcase classname="md.nineninenine.TransportFiltersTests" name="filterTest" time="14.065"/>
  <system-out/>
</testsuite> <!-- md.nineninenine.TransportFiltersTests -->
